2022-12-21 22:31:27,464 INFO o.a.j.u.JMeterUtils: Setting Locale to en_EN
2022-12-21 22:31:27,537 INFO o.a.j.JMeter: Loading user properties from: D:\BINAR_ACADEMY\QUALITY_ASSURANCE\jmeter\apache-jmeter-5.5\bin\user.properties
2022-12-21 22:31:27,544 INFO o.a.j.JMeter: Loading system properties from: D:\BINAR_ACADEMY\QUALITY_ASSURANCE\jmeter\apache-jmeter-5.5\bin\system.properties
2022-12-21 22:31:27,656 INFO o.a.j.JMeter: Copyright (c) 1998-2022 The Apache Software Foundation
2022-12-21 22:31:27,656 INFO o.a.j.JMeter: Version 5.5
2022-12-21 22:31:27,657 INFO o.a.j.JMeter: java.version=1.8.0_351
2022-12-21 22:31:27,659 INFO o.a.j.JMeter: java.vm.name=Java HotSpot(TM) 64-Bit Server VM
2022-12-21 22:31:27,659 INFO o.a.j.JMeter: os.name=Windows 10
2022-12-21 22:31:27,664 INFO o.a.j.JMeter: os.arch=amd64
2022-12-21 22:31:27,664 INFO o.a.j.JMeter: os.version=10.0
2022-12-21 22:31:27,665 INFO o.a.j.JMeter: file.encoding=Cp1252
2022-12-21 22:31:27,665 INFO o.a.j.JMeter: java.awt.headless=true
2022-12-21 22:31:27,665 INFO o.a.j.JMeter: Max memory     =1073741824
2022-12-21 22:31:27,665 INFO o.a.j.JMeter: Available Processors =4
2022-12-21 22:31:27,737 INFO o.a.j.JMeter: Default Locale=English (EN)
2022-12-21 22:31:27,757 INFO o.a.j.JMeter: JMeter  Locale=English (EN)
2022-12-21 22:31:27,761 INFO o.a.j.JMeter: JMeterHome=D:\BINAR_ACADEMY\QUALITY_ASSURANCE\jmeter\apache-jmeter-5.5
2022-12-21 22:31:27,764 INFO o.a.j.JMeter: user.dir  =D:\BINAR_ACADEMY\QUALITY_ASSURANCE\jmeter\gold
2022-12-21 22:31:27,766 INFO o.a.j.JMeter: PWD       =D:\BINAR_ACADEMY\QUALITY_ASSURANCE\jmeter\gold
2022-12-21 22:31:27,775 INFO o.a.j.JMeter: IP: 192.168.100.16 Name: DESKTOP-KIOQLA8 FullName: DESKTOP-KIOQLA8
2022-12-21 22:31:28,003 INFO o.a.j.JMeter: Setting property 'jmeter.reportgenerator.outputdir' to:'D:\BINAR_ACADEMY\QUALITY_ASSURANCE\jmeter\gold\report'
2022-12-21 22:31:28,012 INFO o.a.j.s.FileServer: Default base='D:\BINAR_ACADEMY\QUALITY_ASSURANCE\jmeter\gold'
2022-12-21 22:31:28,015 INFO o.a.j.s.FileServer: Set new base='D:\BINAR_ACADEMY\QUALITY_ASSURANCE\jmeter\gold\runner'
2022-12-21 22:31:28,474 INFO o.a.j.s.SaveService: Testplan (JMX) version: 2.2. Testlog (JTL) version: 2.2
2022-12-21 22:31:28,519 INFO o.a.j.s.SaveService: Using SaveService properties file encoding UTF-8
2022-12-21 22:31:28,531 INFO o.a.j.s.SaveService: Using SaveService properties version 5.0
2022-12-21 22:31:28,545 INFO o.a.j.s.SaveService: Loading file: runner\marketfinal.jmx
2022-12-21 22:31:28,637 INFO o.a.j.p.h.s.HTTPSamplerBase: Parser for text/html is org.apache.jmeter.protocol.http.parser.LagartoBasedHtmlParser
2022-12-21 22:31:28,637 INFO o.a.j.p.h.s.HTTPSamplerBase: Parser for application/xhtml+xml is org.apache.jmeter.protocol.http.parser.LagartoBasedHtmlParser
2022-12-21 22:31:28,637 INFO o.a.j.p.h.s.HTTPSamplerBase: Parser for application/xml is org.apache.jmeter.protocol.http.parser.LagartoBasedHtmlParser
2022-12-21 22:31:28,637 INFO o.a.j.p.h.s.HTTPSamplerBase: Parser for text/xml is org.apache.jmeter.protocol.http.parser.LagartoBasedHtmlParser
2022-12-21 22:31:28,637 INFO o.a.j.p.h.s.HTTPSamplerBase: Parser for text/vnd.wap.wml is org.apache.jmeter.protocol.http.parser.RegexpHTMLParser
2022-12-21 22:31:28,637 INFO o.a.j.p.h.s.HTTPSamplerBase: Parser for text/css is org.apache.jmeter.protocol.http.parser.CssParser
2022-12-21 22:31:29,271 INFO o.a.j.JMeter: Creating summariser <summary>
2022-12-21 22:31:29,287 INFO o.a.j.r.d.ReportGenerator: ReportGenerator will use for Parsing the separator: ','
2022-12-21 22:31:29,287 INFO o.a.j.r.d.ReportGenerator: Will generate report at end of test from  results file: testlog.log
2022-12-21 22:31:29,287 INFO o.a.j.r.d.ReportGenerator: Reading report generator properties from: D:\BINAR_ACADEMY\QUALITY_ASSURANCE\jmeter\apache-jmeter-5.5\bin\reportgenerator.properties
2022-12-21 22:31:29,290 INFO o.a.j.r.d.ReportGenerator: Merging with JMeter properties
2022-12-21 22:31:29,303 INFO o.a.j.r.c.ReportGeneratorConfiguration: Property 'jmeter.reportgenerator.temp_dir' not found, using default value 'temp' instead.
2022-12-21 22:31:29,310 INFO o.a.j.r.c.ReportGeneratorConfiguration: Property 'jmeter.reportgenerator.apdex_per_transaction' not found, using default value 'null' instead.
2022-12-21 22:31:29,310 INFO o.a.j.r.c.ReportGeneratorConfiguration: apdex_per_transaction is empty, not APDEX per transaction customization
2022-12-21 22:31:29,311 INFO o.a.j.r.c.ReportGeneratorConfiguration: Property 'jmeter.reportgenerator.sample_filter' not found, using default value 'null' instead.
2022-12-21 22:31:29,311 INFO o.a.j.r.c.ReportGeneratorConfiguration: Property 'jmeter.reportgenerator.report_title' not found, using default value 'null' instead.
2022-12-21 22:31:29,311 INFO o.a.j.r.c.ReportGeneratorConfiguration: Property 'jmeter.reportgenerator.start_date' not found, using default value 'null' instead.
2022-12-21 22:31:29,311 INFO o.a.j.r.c.ReportGeneratorConfiguration: Property 'jmeter.reportgenerator.end_date' not found, using default value 'null' instead.
2022-12-21 22:31:29,311 INFO o.a.j.r.c.ReportGeneratorConfiguration: Property 'jmeter.reportgenerator.date_format' not found, using default value 'null' instead.
2022-12-21 22:31:29,313 INFO o.a.j.r.c.ReportGeneratorConfiguration: Will use date range start date: null, end date: null
2022-12-21 22:31:29,355 INFO o.a.j.r.c.ReportGeneratorConfiguration: Property 'jmeter.reportgenerator.graph.totalTPS.exclude_controllers' not found, using default value 'false' instead.
2022-12-21 22:31:29,357 INFO o.a.j.r.c.ReportGeneratorConfiguration: Property 'jmeter.reportgenerator.graph.activeThreadsOverTime.exclude_controllers' not found, using default value 'false' instead.
2022-12-21 22:31:29,357 INFO o.a.j.r.c.ReportGeneratorConfiguration: Property 'jmeter.reportgenerator.graph.timeVsThreads.exclude_controllers' not found, using default value 'false' instead.
2022-12-21 22:31:29,358 INFO o.a.j.r.c.ReportGeneratorConfiguration: Property 'jmeter.reportgenerator.graph.responseTimeDistribution.exclude_controllers' not found, using default value 'false' instead.
2022-12-21 22:31:29,358 INFO o.a.j.r.c.ReportGeneratorConfiguration: Property 'jmeter.reportgenerator.graph.transactionsPerSecond.exclude_controllers' not found, using default value 'false' instead.
2022-12-21 22:31:29,359 INFO o.a.j.r.c.ReportGeneratorConfiguration: Property 'jmeter.reportgenerator.graph.responseTimePercentiles.exclude_controllers' not found, using default value 'false' instead.
2022-12-21 22:31:29,359 INFO o.a.j.r.c.ReportGeneratorConfiguration: Property 'jmeter.reportgenerator.graph.responseTimePercentilesOverTime.exclude_controllers' not found, using default value 'false' instead.
2022-12-21 22:31:29,360 INFO o.a.j.r.c.ReportGeneratorConfiguration: Property 'jmeter.reportgenerator.graph.responseTimesOverTime.exclude_controllers' not found, using default value 'false' instead.
2022-12-21 22:31:29,361 INFO o.a.j.r.c.ReportGeneratorConfiguration: Property 'jmeter.reportgenerator.graph.connectTimeOverTime.exclude_controllers' not found, using default value 'false' instead.
2022-12-21 22:31:29,361 INFO o.a.j.r.c.ReportGeneratorConfiguration: Property 'jmeter.reportgenerator.graph.latenciesOverTime.exclude_controllers' not found, using default value 'false' instead.
2022-12-21 22:31:29,366 INFO o.a.j.r.c.ReportGeneratorConfiguration: Property 'jmeter.reportgenerator.exporter.json.filters_only_sample_series' not found, using default value 'true' instead.
2022-12-21 22:31:29,367 INFO o.a.j.r.c.ReportGeneratorConfiguration: Property 'jmeter.reportgenerator.exporter.json.series_filter' not found, using default value '' instead.
2022-12-21 22:31:29,367 INFO o.a.j.r.c.ReportGeneratorConfiguration: Property 'jmeter.reportgenerator.exporter.json.show_controllers_only' not found, using default value 'false' instead.
2022-12-21 22:31:29,368 INFO o.a.j.r.c.ReportGeneratorConfiguration: Property 'jmeter.reportgenerator.exporter.html.filters_only_sample_series' not found, using default value 'true' instead.
2022-12-21 22:31:29,368 INFO o.a.j.r.c.ReportGeneratorConfiguration: Property 'jmeter.reportgenerator.exporter.html.series_filter' not found, using default value '' instead.
2022-12-21 22:31:29,369 INFO o.a.j.r.c.ReportGeneratorConfiguration: Property 'jmeter.reportgenerator.exporter.html.show_controllers_only' not found, using default value 'false' instead.
2022-12-21 22:31:29,387 INFO o.a.j.e.StandardJMeterEngine: Running the test!
2022-12-21 22:31:29,389 INFO o.a.j.s.SampleEvent: List of sample_variables: []
2022-12-21 22:31:29,389 INFO o.a.j.s.SampleEvent: List of sample_variables: []
2022-12-21 22:31:29,407 INFO o.a.j.e.u.CompoundVariable: Note: Function class names must contain the string: '.functions.'
2022-12-21 22:31:29,407 INFO o.a.j.e.u.CompoundVariable: Note: Function class names must not contain the string: '.gui.'
2022-12-21 22:31:30,354 INFO o.a.j.JMeter: Running test (1671636690354)
2022-12-21 22:31:30,409 INFO o.a.j.e.StandardJMeterEngine: Starting ThreadGroup: 1 : NormalTest
2022-12-21 22:31:30,409 INFO o.a.j.e.StandardJMeterEngine: Starting 10 threads for group NormalTest.
2022-12-21 22:31:30,409 INFO o.a.j.e.StandardJMeterEngine: Thread will continue on error
2022-12-21 22:31:30,410 INFO o.a.j.t.ThreadGroup: Starting thread group... number=1 threads=10 ramp-up=10 delayedStart=false
2022-12-21 22:31:30,452 INFO o.a.j.t.JMeterThread: Thread started: NormalTest 1-1
2022-12-21 22:31:30,451 INFO o.a.j.t.ThreadGroup: Started thread group number 1
2022-12-21 22:31:30,459 INFO o.a.j.e.StandardJMeterEngine: All thread groups have been started
2022-12-21 22:31:30,549 INFO o.a.j.p.h.s.HTTPHCAbstractImpl: Local host = DESKTOP-KIOQLA8
2022-12-21 22:31:30,570 INFO o.a.j.p.h.s.HTTPHC4Impl: HTTP request retry count = 0
2022-12-21 22:31:30,575 INFO o.a.j.s.SampleResult: Note: Sample TimeStamps are START times
2022-12-21 22:31:30,575 INFO o.a.j.s.SampleResult: sampleresult.default.encoding is set to ISO-8859-1
2022-12-21 22:31:30,575 INFO o.a.j.s.SampleResult: sampleresult.useNanoTime=true
2022-12-21 22:31:30,575 INFO o.a.j.s.SampleResult: sampleresult.nanoThreadSleep=5000
2022-12-21 22:31:31,005 INFO o.a.j.p.h.s.h.LazyLayeredConnectionSocketFactory: Setting up HTTPS TrustAll Socket Factory
2022-12-21 22:31:31,021 INFO o.a.j.u.JsseSSLManager: Using default SSL protocol: TLS
2022-12-21 22:31:31,022 INFO o.a.j.u.JsseSSLManager: SSL session context: per-thread
2022-12-21 22:31:31,451 INFO o.a.j.t.JMeterThread: Thread started: NormalTest 1-2
2022-12-21 22:31:32,095 INFO o.a.j.u.SSLManager: JmeterKeyStore Location:  type JKS
2022-12-21 22:31:32,102 INFO o.a.j.u.SSLManager: KeyStore created OK
2022-12-21 22:31:32,102 WARN o.a.j.u.SSLManager: Keystore file not found, loading empty keystore
2022-12-21 22:31:32,440 INFO o.a.j.t.JMeterThread: Thread started: NormalTest 1-3
2022-12-21 22:31:33,445 INFO o.a.j.t.JMeterThread: Thread started: NormalTest 1-4
2022-12-21 22:31:34,253 INFO o.a.j.r.Summariser: summary +      1 in 00:00:04 =    0.3/s Avg:  1666 Min:  1666 Max:  1666 Err:     1 (100.00%) Active: 4 Started: 4 Finished: 0
2022-12-21 22:31:34,578 INFO o.a.j.t.JMeterThread: Thread started: NormalTest 1-5
2022-12-21 22:31:34,712 INFO o.a.j.p.h.s.HTTPHC4Impl: Content-Header is set already on the request! Will be replaced by a Multipart-Header. Old headers: [Content-Type: application/json]
2022-12-21 22:31:34,723 INFO o.a.j.s.FileServer: Stored: D:\BINAR_ACADEMY\QUALITY_ASSURANCE\jmeter\gold\runner\wanita.jpg
2022-12-21 22:31:34,730 INFO o.a.j.p.h.s.HTTPHC4Impl: Content-Header is set already on the request! Will be replaced by a Multipart-Header. Old headers: [Content-Type: application/json]
2022-12-21 22:31:34,807 INFO o.a.j.p.h.s.HTTPHC4Impl: Content-Header is set already on the request! Will be replaced by a Multipart-Header. Old headers: [Content-Type: application/json]
2022-12-21 22:31:35,034 INFO o.a.j.p.h.s.HTTPHC4Impl: Content-Header is set already on the request! Will be replaced by a Multipart-Header. Old headers: [Content-Type: application/json]
2022-12-21 22:31:35,434 INFO o.a.j.t.JMeterThread: Thread started: NormalTest 1-6
2022-12-21 22:31:35,761 INFO o.a.j.p.h.s.HTTPHC4Impl: Content-Header is set already on the request! Will be replaced by a Multipart-Header. Old headers: [Content-Type: application/json]
2022-12-21 22:31:35,771 INFO o.a.j.p.h.s.HTTPHC4Impl: Content-Header is set already on the request! Will be replaced by a Multipart-Header. Old headers: [Content-Type: application/json]
2022-12-21 22:31:35,771 INFO o.a.j.p.h.s.HTTPHC4Impl: Content-Header is set already on the request! Will be replaced by a Multipart-Header. Old headers: [Content-Type: application/json]
2022-12-21 22:31:35,948 INFO o.a.j.p.h.s.HTTPHC4Impl: Content-Header is set already on the request! Will be replaced by a Multipart-Header. Old headers: [Content-Type: application/json]
2022-12-21 22:31:36,121 INFO o.a.j.p.h.s.HTTPHC4Impl: Content-Header is set already on the request! Will be replaced by a Multipart-Header. Old headers: [Content-Type: application/json]
2022-12-21 22:31:36,426 INFO o.a.j.t.JMeterThread: Thread started: NormalTest 1-7
2022-12-21 22:31:37,427 INFO o.a.j.t.JMeterThread: Thread started: NormalTest 1-8
2022-12-21 22:31:38,430 INFO o.a.j.t.JMeterThread: Thread started: NormalTest 1-9
2022-12-21 22:31:39,425 INFO o.a.j.t.JMeterThread: Thread started: NormalTest 1-10
2022-12-21 22:31:40,702 INFO o.a.j.p.h.s.HTTPHC4Impl: Content-Header is set already on the request! Will be replaced by a Multipart-Header. Old headers: [Content-Type: application/json]
2022-12-21 22:31:41,971 INFO o.a.j.p.h.s.HTTPHC4Impl: Content-Header is set already on the request! Will be replaced by a Multipart-Header. Old headers: [Content-Type: application/json]
2022-12-21 22:31:42,223 INFO o.a.j.p.h.s.HTTPHC4Impl: Content-Header is set already on the request! Will be replaced by a Multipart-Header. Old headers: [Content-Type: application/json]
2022-12-21 22:31:42,365 INFO o.a.j.p.h.s.HTTPHC4Impl: Content-Header is set already on the request! Will be replaced by a Multipart-Header. Old headers: [Content-Type: application/json]
2022-12-21 22:31:42,445 INFO o.a.j.p.h.s.HTTPHC4Impl: Content-Header is set already on the request! Will be replaced by a Multipart-Header. Old headers: [Content-Type: application/json]
2022-12-21 22:31:42,728 INFO o.a.j.p.h.s.HTTPHC4Impl: Content-Header is set already on the request! Will be replaced by a Multipart-Header. Old headers: [Content-Type: application/json]
2022-12-21 22:31:44,737 INFO o.a.j.p.h.s.HTTPHC4Impl: Content-Header is set already on the request! Will be replaced by a Multipart-Header. Old headers: [Content-Type: application/json]
2022-12-21 22:31:44,737 INFO o.a.j.p.h.s.HTTPHC4Impl: Content-Header is set already on the request! Will be replaced by a Multipart-Header. Old headers: [Content-Type: application/json]
2022-12-21 22:31:44,942 INFO o.a.j.p.h.s.HTTPHC4Impl: Content-Header is set already on the request! Will be replaced by a Multipart-Header. Old headers: [Content-Type: application/json]
2022-12-21 22:31:45,027 INFO o.a.j.p.h.s.HTTPHC4Impl: Content-Header is set already on the request! Will be replaced by a Multipart-Header. Old headers: [Content-Type: application/json]
2022-12-21 22:31:45,310 INFO o.a.j.p.h.s.HTTPHC4Impl: Content-Header is set already on the request! Will be replaced by a Multipart-Header. Old headers: [Content-Type: application/json]
2022-12-21 22:31:46,882 INFO o.a.j.p.h.s.HTTPHC4Impl: Content-Header is set already on the request! Will be replaced by a Multipart-Header. Old headers: [Content-Type: application/json]
2022-12-21 22:31:53,144 INFO o.a.j.p.h.s.HTTPHC4Impl: Content-Header is set already on the request! Will be replaced by a Multipart-Header. Old headers: [Content-Type: application/json]
2022-12-21 22:31:53,402 INFO o.a.j.p.h.s.HTTPHC4Impl: Content-Header is set already on the request! Will be replaced by a Multipart-Header. Old headers: [Content-Type: application/json]
2022-12-21 22:31:53,688 INFO o.a.j.t.JMeterThread: Thread is done: NormalTest 1-1
2022-12-21 22:31:53,688 INFO o.a.j.t.JMeterThread: Thread finished: NormalTest 1-1
2022-12-21 22:31:53,986 INFO o.a.j.p.h.s.HTTPHC4Impl: Content-Header is set already on the request! Will be replaced by a Multipart-Header. Old headers: [Content-Type: application/json]
2022-12-21 22:31:54,266 INFO o.a.j.t.JMeterThread: Thread is done: NormalTest 1-3
2022-12-21 22:31:54,267 INFO o.a.j.t.JMeterThread: Thread finished: NormalTest 1-3
2022-12-21 22:31:56,210 INFO o.a.j.p.h.s.HTTPHC4Impl: Content-Header is set already on the request! Will be replaced by a Multipart-Header. Old headers: [Content-Type: application/json]
2022-12-21 22:31:57,092 INFO o.a.j.p.h.s.HTTPHC4Impl: Content-Header is set already on the request! Will be replaced by a Multipart-Header. Old headers: [Content-Type: application/json]
2022-12-21 22:31:57,379 INFO o.a.j.t.JMeterThread: Thread is done: NormalTest 1-4
2022-12-21 22:31:57,380 INFO o.a.j.t.JMeterThread: Thread finished: NormalTest 1-4
2022-12-21 22:32:01,697 INFO o.a.j.r.Summariser: summary +     88 in 00:00:27 =    3.2/s Avg:  1596 Min:     0 Max: 19331 Err:    25 (28.41%) Active: 7 Started: 10 Finished: 3
2022-12-21 22:32:01,798 INFO o.a.j.r.Summariser: summary =     89 in 00:00:31 =    2.8/s Avg:  1596 Min:     0 Max: 19331 Err:    26 (29.21%)
2022-12-21 22:32:02,295 INFO o.a.j.p.h.s.HTTPHC4Impl: Content-Header is set already on the request! Will be replaced by a Multipart-Header. Old headers: [Content-Type: application/json]
2022-12-21 22:32:02,310 INFO o.a.j.p.h.s.HTTPHC4Impl: Content-Header is set already on the request! Will be replaced by a Multipart-Header. Old headers: [Content-Type: application/json]
2022-12-21 22:32:02,417 INFO o.a.j.p.h.s.HTTPHC4Impl: Content-Header is set already on the request! Will be replaced by a Multipart-Header. Old headers: [Content-Type: application/json]
2022-12-21 22:32:03,177 INFO o.a.j.p.h.s.HTTPHC4Impl: Content-Header is set already on the request! Will be replaced by a Multipart-Header. Old headers: [Content-Type: application/json]
2022-12-21 22:32:03,203 INFO o.a.j.p.h.s.HTTPHC4Impl: Content-Header is set already on the request! Will be replaced by a Multipart-Header. Old headers: [Content-Type: application/json]
2022-12-21 22:32:03,263 INFO o.a.j.p.h.s.HTTPHC4Impl: Content-Header is set already on the request! Will be replaced by a Multipart-Header. Old headers: [Content-Type: application/json]
2022-12-21 22:32:03,455 INFO o.a.j.t.JMeterThread: Thread is done: NormalTest 1-2
2022-12-21 22:32:03,455 INFO o.a.j.t.JMeterThread: Thread finished: NormalTest 1-2
2022-12-21 22:32:03,505 INFO o.a.j.t.JMeterThread: Thread is done: NormalTest 1-6
2022-12-21 22:32:03,505 INFO o.a.j.t.JMeterThread: Thread finished: NormalTest 1-6
2022-12-21 22:32:03,541 INFO o.a.j.t.JMeterThread: Thread is done: NormalTest 1-5
2022-12-21 22:32:03,541 INFO o.a.j.t.JMeterThread: Thread finished: NormalTest 1-5
2022-12-21 22:32:08,699 INFO o.a.j.p.h.s.HTTPHC4Impl: Content-Header is set already on the request! Will be replaced by a Multipart-Header. Old headers: [Content-Type: application/json]
2022-12-21 22:32:09,537 INFO o.a.j.p.h.s.HTTPHC4Impl: Content-Header is set already on the request! Will be replaced by a Multipart-Header. Old headers: [Content-Type: application/json]
2022-12-21 22:32:09,821 INFO o.a.j.t.JMeterThread: Thread is done: NormalTest 1-7
2022-12-21 22:32:09,821 INFO o.a.j.t.JMeterThread: Thread finished: NormalTest 1-7
2022-12-21 22:32:11,483 INFO o.a.j.p.h.s.HTTPHC4Impl: Content-Header is set already on the request! Will be replaced by a Multipart-Header. Old headers: [Content-Type: application/json]
2022-12-21 22:32:12,339 INFO o.a.j.p.h.s.HTTPHC4Impl: Content-Header is set already on the request! Will be replaced by a Multipart-Header. Old headers: [Content-Type: application/json]
2022-12-21 22:32:12,617 INFO o.a.j.t.JMeterThread: Thread is done: NormalTest 1-9
2022-12-21 22:32:12,617 INFO o.a.j.t.JMeterThread: Thread finished: NormalTest 1-9
2022-12-21 22:32:13,544 INFO o.a.j.p.h.s.HTTPHC4Impl: Content-Header is set already on the request! Will be replaced by a Multipart-Header. Old headers: [Content-Type: application/json]
2022-12-21 22:32:14,399 INFO o.a.j.p.h.s.HTTPHC4Impl: Content-Header is set already on the request! Will be replaced by a Multipart-Header. Old headers: [Content-Type: application/json]
2022-12-21 22:32:14,711 INFO o.a.j.t.JMeterThread: Thread is done: NormalTest 1-8
2022-12-21 22:32:14,711 INFO o.a.j.t.JMeterThread: Thread finished: NormalTest 1-8
2022-12-21 22:32:15,941 INFO o.a.j.p.h.s.HTTPHC4Impl: Content-Header is set already on the request! Will be replaced by a Multipart-Header. Old headers: [Content-Type: application/json]
2022-12-21 22:32:16,851 INFO o.a.j.p.h.s.HTTPHC4Impl: Content-Header is set already on the request! Will be replaced by a Multipart-Header. Old headers: [Content-Type: application/json]
2022-12-21 22:32:17,169 INFO o.a.j.t.JMeterThread: Thread is done: NormalTest 1-10
2022-12-21 22:32:17,170 INFO o.a.j.t.JMeterThread: Thread finished: NormalTest 1-10
2022-12-21 22:32:17,173 INFO o.a.j.e.StandardJMeterEngine: Notifying test listeners of end of test
2022-12-21 22:32:17,177 INFO o.a.j.r.Summariser: summary +     41 in 00:00:15 =    2.6/s Avg:  3707 Min:   263 Max: 30154 Err:    18 (43.90%) Active: 0 Started: 10 Finished: 10
2022-12-21 22:32:17,180 INFO o.a.j.r.Summariser: summary =    130 in 00:00:47 =    2.8/s Avg:  2262 Min:     0 Max: 30154 Err:    44 (33.85%)
2022-12-21 22:32:17,185 INFO o.a.j.JMeter: Generating Dashboard
2022-12-21 22:32:17,185 INFO o.a.j.r.d.ReportGenerator: Flushing result collector before report Generation
2022-12-21 22:32:17,266 INFO o.a.j.r.p.NormalizerSampleConsumer: Using format, 'ms', to parse timeStamp field
2022-12-21 22:32:17,481 INFO o.a.j.r.p.AbstractSampleConsumer: class org.apache.jmeter.report.processor.AggregateConsumer#stopProducing(): beginDate produced 0 samples
2022-12-21 22:32:17,481 INFO o.a.j.r.p.AbstractSampleConsumer: class org.apache.jmeter.report.processor.AggregateConsumer#stopProducing(): endDate produced 0 samples
2022-12-21 22:32:17,487 INFO o.a.j.r.p.AbstractSampleConsumer: class org.apache.jmeter.report.processor.ApdexSummaryConsumer#stopProducing(): apdexSummary produced 0 samples
2022-12-21 22:32:17,487 INFO o.a.j.r.p.AbstractSampleConsumer: class org.apache.jmeter.report.processor.RequestsSummaryConsumer#stopProducing(): requestsSummary produced 0 samples
2022-12-21 22:32:17,499 INFO o.a.j.r.p.AbstractSampleConsumer: class org.apache.jmeter.report.processor.StatisticsSummaryConsumer#stopProducing(): statisticsSummary produced 0 samples
2022-12-21 22:32:17,513 INFO o.a.j.r.p.AbstractSampleConsumer: class org.apache.jmeter.report.processor.Top5ErrorsBySamplerConsumer#stopProducing(): top5ErrorsBySampler produced 0 samples
2022-12-21 22:32:17,513 INFO o.a.j.r.p.AbstractSampleConsumer: class org.apache.jmeter.report.processor.ErrorsSummaryConsumer#stopProducing(): errorsSummary produced 0 samples
2022-12-21 22:32:17,513 INFO o.a.j.r.p.AbstractSampleConsumer: class org.apache.jmeter.report.processor.graph.impl.HitsPerSecondGraphConsumer#stopProducing(): hitsPerSecond produced 0 samples
2022-12-21 22:32:17,559 INFO o.a.j.r.p.AbstractSampleConsumer: class org.apache.jmeter.report.processor.graph.impl.LatencyVSRequestGraphConsumer#stopProducing(): latencyVsRequest produced 0 samples
2022-12-21 22:32:17,560 INFO o.a.j.r.p.AbstractSampleConsumer: class org.apache.jmeter.report.processor.graph.impl.SyntheticResponseTimeDistributionGraphConsumer#stopProducing(): syntheticResponseTimeDistribution produced 0 samples
2022-12-21 22:32:17,562 INFO o.a.j.r.p.AbstractSampleConsumer: class org.apache.jmeter.report.processor.graph.impl.BytesThroughputGraphConsumer#stopProducing(): bytesThroughputOverTime produced 0 samples
2022-12-21 22:32:17,562 INFO o.a.j.r.p.AbstractSampleConsumer: class org.apache.jmeter.report.processor.graph.impl.CodesPerSecondGraphConsumer#stopProducing(): codesPerSecond produced 0 samples
2022-12-21 22:32:17,584 INFO o.a.j.r.p.AbstractSampleConsumer: class org.apache.jmeter.report.processor.graph.impl.ResponseTimeVSRequestGraphConsumer#stopProducing(): responseTimeVsRequest produced 0 samples
2022-12-21 22:32:17,585 INFO o.a.j.r.p.AbstractSampleConsumer: class org.apache.jmeter.report.processor.FilterConsumer#stopProducing(): startIntervalControlerFilter produced 910 samples
2022-12-21 22:32:17,585 INFO o.a.j.r.p.AbstractSampleConsumer: class org.apache.jmeter.report.processor.graph.impl.TotalTPSGraphConsumer#stopProducing(): totalTPS produced 0 samples
2022-12-21 22:32:17,585 INFO o.a.j.r.p.AbstractSampleConsumer: class org.apache.jmeter.report.processor.graph.impl.ActiveThreadsGraphConsumer#stopProducing(): activeThreadsOverTime produced 0 samples
2022-12-21 22:32:17,586 INFO o.a.j.r.p.AbstractSampleConsumer: class org.apache.jmeter.report.processor.graph.impl.TimeVSThreadGraphConsumer#stopProducing(): timeVsThreads produced 0 samples
2022-12-21 22:32:17,587 INFO o.a.j.r.p.AbstractSampleConsumer: class org.apache.jmeter.report.processor.graph.impl.ResponseTimeDistributionGraphConsumer#stopProducing(): responseTimeDistribution produced 0 samples
2022-12-21 22:32:17,588 INFO o.a.j.r.p.AbstractSampleConsumer: class org.apache.jmeter.report.processor.graph.impl.TransactionsPerSecondGraphConsumer#stopProducing(): transactionsPerSecond produced 0 samples
2022-12-21 22:32:17,588 INFO o.a.j.r.p.AbstractSampleConsumer: class org.apache.jmeter.report.processor.graph.impl.ResponseTimePercentilesGraphConsumer#stopProducing(): responseTimePercentiles produced 0 samples
2022-12-21 22:32:17,598 INFO o.a.j.r.p.AbstractSampleConsumer: class org.apache.jmeter.report.processor.graph.impl.ResponseTimePercentilesOverTimeGraphConsumer#stopProducing(): responseTimePercentilesOverTime produced 0 samples
2022-12-21 22:32:17,599 INFO o.a.j.r.p.AbstractSampleConsumer: class org.apache.jmeter.report.processor.graph.impl.ResponseTimeOverTimeGraphConsumer#stopProducing(): responseTimesOverTime produced 0 samples
2022-12-21 22:32:17,599 INFO o.a.j.r.p.AbstractSampleConsumer: class org.apache.jmeter.report.processor.graph.impl.ConnectTimeOverTimeGraphConsumer#stopProducing(): connectTimeOverTime produced 0 samples
2022-12-21 22:32:17,600 INFO o.a.j.r.p.AbstractSampleConsumer: class org.apache.jmeter.report.processor.graph.impl.LatencyOverTimeGraphConsumer#stopProducing(): latenciesOverTime produced 0 samples
2022-12-21 22:32:17,600 INFO o.a.j.r.p.AbstractSampleConsumer: class org.apache.jmeter.report.processor.FilterConsumer#stopProducing(): nameFilter produced 1950 samples
2022-12-21 22:32:17,600 INFO o.a.j.r.p.AbstractSampleConsumer: class org.apache.jmeter.report.processor.FilterConsumer#stopProducing(): dateRangeFilter produced 390 samples
2022-12-21 22:32:17,601 INFO o.a.j.r.p.AbstractSampleConsumer: class org.apache.jmeter.report.processor.NormalizerSampleConsumer#stopProducing(): normalizer produced 130 samples
2022-12-21 22:32:17,602 INFO o.a.j.r.p.CsvFileSampleSource: produce(): 130 samples produced in 277ms on channel 0
2022-12-21 22:32:17,602 INFO o.a.j.r.d.ReportGenerator: Exporting data using exporter:'json' of className:'org.apache.jmeter.report.dashboard.JsonExporter'
2022-12-21 22:32:17,868 INFO o.a.j.r.d.JsonExporter: Found data for consumer statisticsSummary in context
2022-12-21 22:32:17,869 INFO o.a.j.r.d.JsonExporter: Creating statistics for overall
2022-12-21 22:32:17,870 INFO o.a.j.r.d.JsonExporter: Creating statistics for other transactions
2022-12-21 22:32:17,870 INFO o.a.j.r.d.JsonExporter: Checking output folder
2022-12-21 22:32:17,871 INFO o.a.j.r.d.JsonExporter: Writing statistics JSON to D:\BINAR_ACADEMY\QUALITY_ASSURANCE\jmeter\gold\report\statistics.json
2022-12-21 22:32:17,952 INFO o.a.j.r.d.ReportGenerator: Exporting data using exporter:'html' of className:'org.apache.jmeter.report.dashboard.HtmlTemplateExporter'
2022-12-21 22:32:17,960 INFO o.a.j.r.d.HtmlTemplateExporter: Will generate dashboard in folder: D:\BINAR_ACADEMY\QUALITY_ASSURANCE\jmeter\gold\report
2022-12-21 22:32:18,225 INFO o.a.j.r.d.HtmlTemplateExporter: Report will be generated in: D:\BINAR_ACADEMY\QUALITY_ASSURANCE\jmeter\gold\report, creating folder structure
2022-12-21 22:32:18,231 INFO o.a.j.r.d.TemplateVisitor: Copying folder from 'D:\BINAR_ACADEMY\QUALITY_ASSURANCE\jmeter\apache-jmeter-5.5\bin\report-template' to 'D:\BINAR_ACADEMY\QUALITY_ASSURANCE\jmeter\gold\report', got message: D:\BINAR_ACADEMY\QUALITY_ASSURANCE\jmeter\gold\report, found non empty folder with following content [D:\BINAR_ACADEMY\QUALITY_ASSURANCE\jmeter\gold\report\statistics.json], will be ignored
2022-12-21 22:32:19,773 INFO o.a.j.JMeter: Dashboard generated
